<?xml version="1.0" encoding="UTF-8"?>
<!-- Generated by org.testng.reporters.JUnitReportReporter -->
<testsuite hostname="MyHP-PC" name="com.gmail.test.GmailTest" tests="1" failures="0" timestamp="27 Mar 2016 19:33:57 GMT" time="30.223" errors="0">
  <testcase name="Login" time="30.223" classname="com.gmail.test.GmailTest"/>
</testsuite> <!-- com.gmail.test.GmailTest -->
